SQL> -- ------------------------------------------------------------
SQL> --
SQL> -- Name: < ***** David Baas ***** >
SQL> --
SQL> -- -------------------------------------------------------------
SQL> --
SQL> -- NULL AND SUBSTRINGS -------------------------------
SQL> --
SQL> /*(10B)
SQL> Find the ssn and last name of every employee whose ssn contains two consecutive 8's, and has a supervisor. Sort the results by ssn.
SQL> */
SQL> SELECT ssn, lname
  2  FROM employee
  3  WHERE ssn LIKE '%88%' AND
  4  	super_ssn IS NOT NULL
  5  ORDER BY ssn;

SSN       LNAME                                                                 
--------- ---------------                                                       
666884444 Narayan                                                               
999887777 Zelaya                                                                

SQL> --
SQL> -- JOINING 3 TABLES ------------------------------
SQL> --
SQL> /*(11B)
SQL> For every employee who works for more than 20 hours on any project that is controlled by the research department: Find the ssn, project number,  and number of hours. Sort the results by ssn.
SQL> */
SQL> SELECT W.essn, W.pno, W.hours
  2  FROM works_on W, project P
  3  WHERE W.hours > 20.0 AND
  4  	 P.dnum = 5 AND
  5  	 W.pno = P.pnumber
  6  ORDER BY essn;

ESSN             PNO      HOURS                                                 
--------- ---------- ----------                                                 
123456789          1       32.5                                                 
666884444          3         40                                                 

SQL> 
SQL> --
SQL> -- JOINING 3 TABLES ---------------------------
SQL> --
SQL> /*(12B)
SQL> Write a query that consists of one block only.
SQL> For every employee who works less than 10 hours on any project that is controlled by the department he works for: Find the employee's lname, his department number, project number, the number of the department controlling it, and the number of hours he works on that project. Sort the results by lname.
SQL> */
SQL> -- <<< Your SQL code goes here >>>
SQL> --
SQL> -- JOINING 4 TABLES -------------------------
SQL> --
SQL> /*(13B)
SQL> For every employee who works on any project that is located in Houston: Find the employees ssn and lname, and the names of his/her dependent(s) and their relationship(s) to the employee. Notice that there will be one row per qualyfing dependent. Sort the results by employee lname.
SQL> */
SQL> -- <<< Your SQL code goes here >>>
SQL> --
SQL> -- SELF JOIN -------------------------------------------
SQL> --
SQL> /*(14B)
SQL> Write a query that consists of one block only.
SQL> For every employee who works for a department that is different from his supervisor's department: Find his ssn, lname, department number; and his supervisor's ssn, lname, and department number. Sort the results by ssn.
SQL> */
SQL> -- <<< Your SQL code goes here >>>
SQL> --
SQL> -- USING MORE THAN ONE RANGE VARIABLE ON ONE TABLE -------------------
SQL> --
SQL> /*(15B)
SQL> Find pairs of employee lname's such that the two employees in the pair work on the same project for the same number of hours. List every pair once only. Sort the result by the lname in the left column in the result.
SQL> */
SQL> -- <<< Your SQL code goes here >>>
SQL> --
SQL> /*(16B)
SQL> For every employee who has more than one dependent: Find the ssn, lname, and number of dependents. Sort the result by lname
SQL> */
SQL> -- <<< Your SQL code goes here >>>
SQL> --
SQL> /*(17B)
SQL> For every project that has more than 2 employees working on and the total hours worked on it is less than 40: Find the project number, project name, number of employees working on it, and the total number of hours worked by all employees on that project. Sort the results by project number.
SQL> */
SQL> -- <<< Your SQL code goes here >>>
SQL> --
SQL> -- CORRELATED SUBQUERY --------------------------------
SQL> --
SQL> /*(18B)
SQL> For every employee whose salary is above the average salary in his department: Find the dno, ssn, lname, and salary. Sort the results by department number.
SQL> */
SQL> -- <<< Your SQL code goes here >>>
SQL> --
SQL> -- CORRELATED SUBQUERY -------------------------------
SQL> --
SQL> /*(19B)
SQL> For every employee who works for the research department but does not work on any one project for more than 20 hours: Find the ssn and lname. Sort the results by lname
SQL> */
SQL> -- <<< Your SQL code goes here >>>
SQL> --
SQL> -- DIVISION ---------------------------------------------
SQL> --
SQL> /*(20B) Hint: This is a DIVISION query
SQL> For every employee who works on every project that is controlled by department 4: Find the ssn and lname. Sort the results by lname
SQL> */
SQL> -- <<< Your SQL code goes here >>>
SQL> --
SQL> SET ECHO OFF
